<?xml version="1.0" encoding="UTF-8" standalone="yes"?><!DOCTYPE report PUBLIC "-//JACOCO//DTD Report 1.0//EN" "report.dtd"><report name="AntTestReporting"><sessioninfo id="INPriya.local-ceb520c2" start="1441333574432" dump="1441333574718"/><sessioninfo id="INPriya.local-cf35993e" start="1441333644183" dump="1441333644455"/><sessioninfo id="INPriya.local-2d21ad35" start="1441334650604" dump="1441334650873"/><sessioninfo id="INPriya.local-ee77e5b7" start="1441336061218" dump="1441336061523"/><sessioninfo id="INPriya.local-2178edc4" start="1441343324743" dump="1441343325019"/><sessioninfo id="INPriya.local-8d36b0dd" start="1441343420924" dump="1441343421209"/><sessioninfo id="INPriya.local-58d92b47" start="1441351756098" dump="1441351756415"/><sessioninfo id="INPriya.local-4857acb3" start="1441352531202" dump="1441352531702"/><sessioninfo id="INPriya.local-1b527ffc" start="1441430481563" dump="1441430482133"/><sessioninfo id="INPriya.local-262d9172" start="1441430526822" dump="1441430527329"/><sessioninfo id="INPriya.local-7b1f49e" start="1441430600101" dump="1441430600587"/><package name="com/twu/biblioteca"><class name="com/twu/biblioteca/ConsoleDisplayTest"><method name="&lt;init&gt;" desc="()V"><counter type="INSTRUCTION" missed="0" covered="3"/><counter type="COMPLEXITY" missed="0" covered="1"/><counter type="METHOD" missed="0" covered="1"/></method><method name="shouldPrintObjectsToStringOutput" desc="()V"><counter type="INSTRUCTION" missed="0" covered="35"/><counter type="COMPLEXITY" missed="0" covered="1"/><counter type="METHOD" missed="0" covered="1"/></method><counter type="INSTRUCTION" missed="0" covered="38"/><counter type="COMPLEXITY" missed="0" covered="2"/><counter type="METHOD" missed="0" covered="2"/><counter type="CLASS" missed="0" covered="1"/></class><class name="com/twu/biblioteca/BookTest"><method name="&lt;init&gt;" desc="()V"><counter type="INSTRUCTION" missed="0" covered="3"/><counter type="COMPLEXITY" missed="0" covered="1"/><counter type="METHOD" missed="0" covered="1"/></method><method name="shouldReturnConcatenatedStringOfBook" desc="()V"><counter type="INSTRUCTION" missed="0" covered="31"/><counter type="COMPLEXITY" missed="0" covered="1"/><counter type="METHOD" missed="0" covered="1"/></method><counter type="INSTRUCTION" missed="0" covered="34"/><counter type="COMPLEXITY" missed="0" covered="2"/><counter type="METHOD" missed="0" covered="2"/><counter type="CLASS" missed="0" covered="1"/></class><class name="com/twu/biblioteca/CatalogTest"><method name="&lt;init&gt;" desc="()V"><counter type="INSTRUCTION" missed="0" covered="3"/><counter type="COMPLEXITY" missed="0" covered="1"/><counter type="METHOD" missed="0" covered="1"/></method><method name="shouldAddBookToList" desc="()V"><counter type="INSTRUCTION" missed="0" covered="22"/><counter type="COMPLEXITY" missed="0" covered="1"/><counter type="METHOD" missed="0" covered="1"/></method><method name="shouldContainAllBooksAddedInList" desc="()V"><counter type="INSTRUCTION" missed="1" covered="42"/><counter type="BRANCH" missed="2" covered="2"/><counter type="COMPLEXITY" missed="2" covered="1"/><counter type="METHOD" missed="0" covered="1"/></method><method name="shouldContainNotContainExtraBooksAddedInList" desc="()V"><counter type="INSTRUCTION" missed="0" covered="35"/><counter type="COMPLEXITY" missed="0" covered="1"/><counter type="METHOD" missed="0" covered="1"/></method><method name="shouldReturnEmptyStringIfEmpty" desc="()V"><counter type="INSTRUCTION" missed="0" covered="9"/><counter type="COMPLEXITY" missed="0" covered="1"/><counter type="METHOD" missed="0" covered="1"/></method><method name="shouldReturnBookIfCatalogHasSingleBook" desc="()V"><counter type="INSTRUCTION" missed="0" covered="29"/><counter type="COMPLEXITY" missed="0" covered="1"/><counter type="METHOD" missed="0" covered="1"/></method><counter type="INSTRUCTION" missed="1" covered="140"/><counter type="BRANCH" missed="2" covered="2"/><counter type="COMPLEXITY" missed="2" covered="6"/><counter type="METHOD" missed="0" covered="6"/><counter type="CLASS" missed="0" covered="1"/></class><class name="com/twu/biblioteca/Book"><method name="&lt;init&gt;" desc="(Ljava/lang/String;Ljava/lang/String;Ljava/util/Date;)V"><counter type="INSTRUCTION" missed="0" covered="12"/><counter type="COMPLEXITY" missed="0" covered="1"/><counter type="METHOD" missed="0" covered="1"/></method><method name="toString" desc="()Ljava/lang/String;"><counter type="INSTRUCTION" missed="0" covered="25"/><counter type="COMPLEXITY" missed="0" covered="1"/><counter type="METHOD" missed="0" covered="1"/></method><counter type="INSTRUCTION" missed="0" covered="37"/><counter type="COMPLEXITY" missed="0" covered="2"/><counter type="METHOD" missed="0" covered="2"/><counter type="CLASS" missed="0" covered="1"/></class><class name="com/twu/biblioteca/Menu"><method name="&lt;init&gt;" desc="()V"><counter type="INSTRUCTION" missed="0" covered="9"/><counter type="COMPLEXITY" missed="0" covered="1"/><counter type="METHOD" missed="0" covered="1"/></method><method name="select" desc="(I)Ljava/lang/Object;"><counter type="INSTRUCTION" missed="0" covered="12"/><counter type="BRANCH" missed="0" covered="2"/><counter type="COMPLEXITY" missed="0" covered="2"/><counter type="METHOD" missed="0" covered="1"/></method><counter type="INSTRUCTION" missed="0" covered="21"/><counter type="BRANCH" missed="0" covered="2"/><counter type="COMPLEXITY" missed="0" covered="3"/><counter type="METHOD" missed="0" covered="2"/><counter type="CLASS" missed="0" covered="1"/></class><class name="com/twu/biblioteca/WelcomeScreen"><method name="&lt;init&gt;" desc="()V"><counter type="INSTRUCTION" missed="0" covered="6"/><counter type="COMPLEXITY" missed="0" covered="1"/><counter type="METHOD" missed="0" covered="1"/></method><method name="message" desc="()Ljava/lang/String;"><counter type="INSTRUCTION" missed="0" covered="2"/><counter type="COMPLEXITY" missed="0" covered="1"/><counter type="METHOD" missed="0" covered="1"/></method><method name="toString" desc="()Ljava/lang/String;"><counter type="INSTRUCTION" missed="0" covered="3"/><counter type="COMPLEXITY" missed="0" covered="1"/><counter type="METHOD" missed="0" covered="1"/></method><counter type="INSTRUCTION" missed="0" covered="11"/><counter type="COMPLEXITY" missed="0" covered="3"/><counter type="METHOD" missed="0" covered="3"/><counter type="CLASS" missed="0" covered="1"/></class><class name="com/twu/biblioteca/BibiliotecaApplication"><method name="&lt;init&gt;" desc="()V"><counter type="INSTRUCTION" missed="3" covered="0"/><counter type="COMPLEXITY" missed="1" covered="0"/><counter type="METHOD" missed="1" covered="0"/></method><counter type="INSTRUCTION" missed="3" covered="0"/><counter type="COMPLEXITY" missed="1" covered="0"/><counter type="METHOD" missed="1" covered="0"/><counter type="CLASS" missed="1" covered="0"/></class><class name="com/twu/biblioteca/ConsoleDisplay"><method name="&lt;init&gt;" desc="(Ljava/io/InputStream;Ljava/io/OutputStream;)V"><counter type="INSTRUCTION" missed="0" covered="9"/><counter type="COMPLEXITY" missed="0" covered="1"/><counter type="METHOD" missed="0" covered="1"/></method><method name="putOutput" desc="(Ljava/lang/Object;)V"><counter type="INSTRUCTION" missed="0" covered="8"/><counter type="COMPLEXITY" missed="0" covered="1"/><counter type="METHOD" missed="0" covered="1"/></method><counter type="INSTRUCTION" missed="0" covered="17"/><counter type="COMPLEXITY" missed="0" covered="2"/><counter type="METHOD" missed="0" covered="2"/><counter type="CLASS" missed="0" covered="1"/></class><class name="com/twu/biblioteca/WelcomeScreenTest"><method name="&lt;init&gt;" desc="()V"><counter type="INSTRUCTION" missed="0" covered="3"/><counter type="COMPLEXITY" missed="0" covered="1"/><counter type="METHOD" missed="0" covered="1"/></method><method name="shouldReturnWelcomeMessage" desc="()V"><counter type="INSTRUCTION" missed="0" covered="9"/><counter type="COMPLEXITY" missed="0" covered="1"/><counter type="METHOD" missed="0" covered="1"/></method><method name="shouldReturnWelcomeMessageOnToString" desc="()V"><counter type="INSTRUCTION" missed="0" covered="9"/><counter type="COMPLEXITY" missed="0" covered="1"/><counter type="METHOD" missed="0" covered="1"/></method><counter type="INSTRUCTION" missed="0" covered="21"/><counter type="COMPLEXITY" missed="0" covered="3"/><counter type="METHOD" missed="0" covered="3"/><counter type="CLASS" missed="0" covered="1"/></class><class name="com/twu/biblioteca/Menu$1"><method name="&lt;init&gt;" desc="(Lcom/twu/biblioteca/Menu;)V"><counter type="INSTRUCTION" missed="0" covered="10"/><counter type="COMPLEXITY" missed="0" covered="1"/><counter type="METHOD" missed="0" covered="1"/></method><counter type="INSTRUCTION" missed="0" covered="10"/><counter type="COMPLEXITY" missed="0" covered="1"/><counter type="METHOD" missed="0" covered="1"/><counter type="CLASS" missed="0" covered="1"/></class><class name="com/twu/biblioteca/MenuTest"><method name="&lt;init&gt;" desc="()V"><counter type="INSTRUCTION" missed="0" covered="3"/><counter type="COMPLEXITY" missed="0" covered="1"/><counter type="METHOD" missed="0" covered="1"/></method><method name="shouldReturnCatalogOnSelectFirstOption" desc="()V"><counter type="INSTRUCTION" missed="0" covered="9"/><counter type="COMPLEXITY" missed="0" covered="1"/><counter type="METHOD" missed="0" covered="1"/></method><method name="shouldReturnInvalidMessageOnWrongMenuSelection" desc="()V"><counter type="INSTRUCTION" missed="0" covered="9"/><counter type="COMPLEXITY" missed="0" covered="1"/><counter type="METHOD" missed="0" covered="1"/></method><counter type="INSTRUCTION" missed="0" covered="21"/><counter type="COMPLEXITY" missed="0" covered="3"/><counter type="METHOD" missed="0" covered="3"/><counter type="CLASS" missed="0" covered="1"/></class><class name="com/twu/biblioteca/Catalog"><method name="&lt;init&gt;" desc="()V"><counter type="INSTRUCTION" missed="0" covered="8"/><counter type="COMPLEXITY" missed="0" covered="1"/><counter type="METHOD" missed="0" covered="1"/></method><method name="addBook" desc="(Lcom/twu/biblioteca/Book;)V"><counter type="INSTRUCTION" missed="0" covered="6"/><counter type="COMPLEXITY" missed="0" covered="1"/><counter type="METHOD" missed="0" covered="1"/></method><method name="listBooks" desc="()Ljava/util/List;"><counter type="INSTRUCTION" missed="0" covered="3"/><counter type="COMPLEXITY" missed="0" covered="1"/><counter type="METHOD" missed="0" covered="1"/></method><method name="toString" desc="()Ljava/lang/String;"><counter type="INSTRUCTION" missed="0" covered="28"/><counter type="BRANCH" missed="0" covered="2"/><counter type="COMPLEXITY" missed="0" covered="2"/><counter type="METHOD" missed="0" covered="1"/></method><counter type="INSTRUCTION" missed="0" covered="45"/><counter type="BRANCH" missed="0" covered="2"/><counter type="COMPLEXITY" missed="0" covered="5"/><counter type="METHOD" missed="0" covered="4"/><counter type="CLASS" missed="0" covered="1"/></class><counter type="INSTRUCTION" missed="4" covered="395"/><counter type="BRANCH" missed="2" covered="6"/><counter type="COMPLEXITY" missed="3" covered="32"/><counter type="METHOD" missed="1" covered="30"/><counter type="CLASS" missed="1" covered="11"/></package><counter type="INSTRUCTION" missed="4" covered="395"/><counter type="BRANCH" missed="2" covered="6"/><counter type="COMPLEXITY" missed="3" covered="32"/><counter type="METHOD" missed="1" covered="30"/><counter type="CLASS" missed="1" covered="11"/></report>